[2017-07-22 14:19:27.378] [INFO] likebot - Doing likes for: timatiofficial
[2017-07-22 14:19:30.831] [DEBUG] likebot - Current url:   https://www.instagram.com/timatiofficial/
[2017-07-22 14:19:31.866] [DEBUG] likebot - CSS Classname: _soakw coreSpriteHeartOpen
[2017-07-22 14:19:32.972] [DEBUG] likebot - Buttons: 3, Photo Index: 0
[2017-07-22 14:19:33.033] [DEBUG] likebot - Current url:   https://www.instagram.com/p/BW2FEclj8L6/?taken-by=timatiofficial
[2017-07-22 14:19:34.055] [DEBUG] likebot - CSS Classname: _soakw coreSpriteHeartOpen
[2017-07-22 14:19:35.124] [DEBUG] likebot - Buttons: 1, Photo Index: 1
[2017-07-22 14:19:35.158] [DEBUG] likebot - Current url:   https://www.instagram.com/p/BW0-91RjPHu/?taken-by=timatiofficial
[2017-07-22 14:19:36.179] [DEBUG] likebot - CSS Classname: _soakw coreSpriteHeartOpen
[2017-07-22 14:19:37.230] [DEBUG] likebot - Buttons: 1, Photo Index: 2
[2017-07-22 14:19:37.261] [INFO] likebot - Everything is done. Finishing...
[2017-07-22 14:21:03.508] [INFO] likebot - Doing likes for: timatiofficial
[2017-07-22 14:21:07.143] [DEBUG] likebot - Current url:   https://www.instagram.com/timatiofficial/
[2017-07-22 14:21:08.183] [DEBUG] likebot - CSS Classname: _soakw coreSpriteHeartFull
[2017-07-22 14:21:08.183] [INFO] likebot - Already liked. Stopping...
[2017-07-22 14:21:08.184] [INFO] likebot - Everything is done. Finishing...
[2017-07-22 14:23:25.204] [INFO] likebot - Doing likes for: timatiofficial
[2017-07-22 14:23:28.908] [DEBUG] likebot - Current url:   https://www.instagram.com/timatiofficial/
[2017-07-22 14:23:29.947] [DEBUG] likebot - CSS Classname: _soakw coreSpriteHeartFull
[2017-07-22 14:23:29.948] [INFO] likebot - Already liked. Stopping...
[2017-07-22 14:23:29.949] [INFO] likebot - Everything is done. Finishing...
